<?xml version="1.0" encoding="UTF-8"?>
<robot generator="Robot 4.1 (Python 3.9.10 on darwin)" generated="20220613 16:01:25.810" rpa="false" schemaversion="2">
<suite id="s1" name="Tests" source="/Users/eder.angelo/Documents/Projeto/teste/desafio_bees/web/tests">
<suite id="s1-s1" name="Purchase Test" source="/Users/eder.angelo/Documents/Projeto/teste/desafio_bees/web/tests/purchase_test.robot">
<test id="s1-s1-t1" name="I must complete the purchase successfully">
<kw name="Start Session" library="base_web" type="SETUP">
<kw name="New Browser" library="Browser">
<arg>${BROWSER}</arg>
<arg>${HEADLESS}</arg>
<tag>BrowserControl</tag>
<tag>Setter</tag>
<doc>Create a new playwright Browser with specified options.</doc>
<msg timestamp="20220613 16:01:27.101" level="INFO">{"browser": "chromium", "headless": false, "handleSIGINT": true, "handleSIGTERM": true, "handleSIGHUP": true, "timeout": 30000.0, "devtools": false, "slowMo": 0.0, "tracesDir": "/Users/eder.angelo/Documents/Projeto/teste/desafio_bees/web/logs/browser/traces/d5147b80-332b-4ff5-87da-662c45dc1ddd"}</msg>
<msg timestamp="20220613 16:01:27.604" level="INFO">Successfully created browser with options: {"browser":"chromium","headless":false,"handleSIGINT":true,"handleSIGTERM":true,"handleSIGHUP":true,"timeout":30000,"devtools":false,"slowMo":0,"tracesDir":"/Users/eder.angelo/Documents/Projeto/teste/desafio_bees/web/logs/browser/traces/d5147b80-332b-4ff5-87da-662c45dc1ddd"}</msg>
<status status="PASS" starttime="20220613 16:01:27.100" endtime="20220613 16:01:27.605"/>
</kw>
<kw name="New Page" library="Browser">
<arg>about:blank</arg>
<tag>BrowserControl</tag>
<tag>Setter</tag>
<doc>Open a new Page.</doc>
<msg timestamp="20220613 16:01:29.205" level="INFO">Successfully initialized new page object and opened url: about:blank</msg>
<msg timestamp="20220613 16:01:29.205" level="INFO">No context was open. New context was automatically opened when this page is created.</msg>
<msg timestamp="20220613 16:01:29.205" level="DEBUG">Video is not enabled.</msg>
<status status="PASS" starttime="20220613 16:01:27.681" endtime="20220613 16:01:29.205"/>
</kw>
<kw name="Set Viewport Size" library="Browser">
<arg>1920</arg>
<arg>1080</arg>
<tag>BrowserControl</tag>
<tag>Setter</tag>
<doc>Sets current Pages viewport size to specified dimensions.</doc>
<msg timestamp="20220613 16:01:29.289" level="INFO">Set viewport size to: [object Object]</msg>
<status status="PASS" starttime="20220613 16:01:29.207" endtime="20220613 16:01:29.290"/>
</kw>
<kw name="Go To" library="Browser">
<arg>${URL_BASE}</arg>
<tag>BrowserControl</tag>
<tag>Setter</tag>
<doc>Navigates to the given ``url``.</doc>
<msg timestamp="20220613 16:01:29.644" level="INFO">Successfully opened URL https://www.saucedemo.com/</msg>
<status status="PASS" starttime="20220613 16:01:29.291" endtime="20220613 16:01:29.644"/>
</kw>
<status status="PASS" starttime="20220613 16:01:27.099" endtime="20220613 16:01:29.646"/>
</kw>
<kw name="GIVEN That i access the soucedemo website with valid credentials" library="steps_definition">
<kw name="Check Point Login Page" library="login_page">
<kw name="Wait For Elements State" library="Browser">
<arg>${login_button}</arg>
<arg>visible</arg>
<arg>timeout=${DEFAULT_TIMEOUT}</arg>
<arg>message=This is not the login page</arg>
<tag>PageContent</tag>
<tag>Wait</tag>
<doc>Waits for the element found by ``selector`` to satisfy state option.</doc>
<msg timestamp="20220613 16:01:29.680" level="INFO">Waited for Element with selector id=login-button at state visible</msg>
<status status="PASS" starttime="20220613 16:01:29.649" endtime="20220613 16:01:29.681"/>
</kw>
<status status="PASS" starttime="20220613 16:01:29.648" endtime="20220613 16:01:29.682"/>
</kw>
<kw name="Login Soucedemo E-Commerce" library="login_page">
<arg>${USER}[valid]</arg>
<arg>${SECRET}[valid]</arg>
<kw name="Fill Input Text" library="general_keywords">
<arg>${username}</arg>
<arg>${user}</arg>
<kw name="Wait For Elements State" library="Browser">
<arg>${element}</arg>
<arg>visible</arg>
<arg>${timeout}</arg>
<tag>PageContent</tag>
<tag>Wait</tag>
<doc>Waits for the element found by ``selector`` to satisfy state option.</doc>
<msg timestamp="20220613 16:01:29.698" level="INFO">Waited for Element with selector id=user-name at state visible</msg>
<status status="PASS" starttime="20220613 16:01:29.685" endtime="20220613 16:01:29.698"/>
</kw>
<kw name="Wait For Elements State" library="Browser">
<arg>${element}</arg>
<arg>enabled</arg>
<arg>${timeout}</arg>
<tag>PageContent</tag>
<tag>Wait</tag>
<doc>Waits for the element found by ``selector`` to satisfy state option.</doc>
<msg timestamp="20220613 16:01:29.733" level="INFO">Waited for Element with selector id=user-name at state enabled</msg>
<status status="PASS" starttime="20220613 16:01:29.700" endtime="20220613 16:01:29.734"/>
</kw>
<kw name="Fill Text" library="Browser">
<arg>${element}</arg>
<arg>${text}</arg>
<tag>PageContent</tag>
<tag>Setter</tag>
<doc>Clears and fills the given ``txt`` into the text field found by ``selector``.</doc>
<msg timestamp="20220613 16:01:29.735" level="INFO">Fills the text 'standard_user' in the given field.</msg>
<msg timestamp="20220613 16:01:29.769" level="DEBUG">Fill text standard_user on id=user-name</msg>
<status status="PASS" starttime="20220613 16:01:29.735" endtime="20220613 16:01:29.770"/>
</kw>
<status status="PASS" starttime="20220613 16:01:29.684" endtime="20220613 16:01:29.771"/>
</kw>
<kw name="Fill Input Text" library="general_keywords">
<arg>${password}</arg>
<arg>${pass}</arg>
<kw name="Wait For Elements State" library="Browser">
<arg>${element}</arg>
<arg>visible</arg>
<arg>${timeout}</arg>
<tag>PageContent</tag>
<tag>Wait</tag>
<doc>Waits for the element found by ``selector`` to satisfy state option.</doc>
<msg timestamp="20220613 16:01:29.781" level="INFO">Waited for Element with selector id=password at state visible</msg>
<status status="PASS" starttime="20220613 16:01:29.772" endtime="20220613 16:01:29.781"/>
</kw>
<kw name="Wait For Elements State" library="Browser">
<arg>${element}</arg>
<arg>enabled</arg>
<arg>${timeout}</arg>
<tag>PageContent</tag>
<tag>Wait</tag>
<doc>Waits for the element found by ``selector`` to satisfy state option.</doc>
<msg timestamp="20220613 16:01:29.805" level="INFO">Waited for Element with selector id=password at state enabled</msg>
<status status="PASS" starttime="20220613 16:01:29.786" endtime="20220613 16:01:29.805"/>
</kw>
<kw name="Fill Text" library="Browser">
<arg>${element}</arg>
<arg>${text}</arg>
<tag>PageContent</tag>
<tag>Setter</tag>
<doc>Clears and fills the given ``txt`` into the text field found by ``selector``.</doc>
<msg timestamp="20220613 16:01:29.807" level="INFO">Fills the text 'secret_sauce' in the given field.</msg>
<msg timestamp="20220613 16:01:29.874" level="DEBUG">Fill text secret_sauce on id=password</msg>
<status status="PASS" starttime="20220613 16:01:29.806" endtime="20220613 16:01:29.874"/>
</kw>
<status status="PASS" starttime="20220613 16:01:29.771" endtime="20220613 16:01:29.875"/>
</kw>
<kw name="Click On Element" library="general_keywords">
<arg>${login_button}</arg>
<kw name="Wait For Elements State" library="Browser">
<arg>${element}</arg>
<arg>visible</arg>
<arg>${timeout}</arg>
<tag>PageContent</tag>
<tag>Wait</tag>
<doc>Waits for the element found by ``selector`` to satisfy state option.</doc>
<msg timestamp="20220613 16:01:29.886" level="INFO">Waited for Element with selector id=login-button at state visible</msg>
<status status="PASS" starttime="20220613 16:01:29.877" endtime="20220613 16:01:29.886"/>
</kw>
<kw name="Wait For Elements State" library="Browser">
<arg>${element}</arg>
<arg>enabled</arg>
<arg>${timeout}</arg>
<tag>PageContent</tag>
<tag>Wait</tag>
<doc>Waits for the element found by ``selector`` to satisfy state option.</doc>
<msg timestamp="20220613 16:01:29.904" level="INFO">Waited for Element with selector id=login-button at state enabled</msg>
<status status="PASS" starttime="20220613 16:01:29.887" endtime="20220613 16:01:29.904"/>
</kw>
<kw name="Click" library="Browser">
<arg>${element}</arg>
<tag>PageContent</tag>
<tag>Setter</tag>
<doc>Simulates mouse click on the element found by ``selector``.</doc>
<msg timestamp="20220613 16:01:29.906" level="DEBUG">Click options are: {"button": "left", "clickCount": 1, "force": false, "noWaitAfter": false}</msg>
<msg timestamp="20220613 16:01:30.016" level="DEBUG">Clicked element: 'id=login-button' with options: '{"button": "left", "clickCount": 1, "force": false, "noWaitAfter": false}'</msg>
<status status="PASS" starttime="20220613 16:01:29.905" endtime="20220613 16:01:30.016"/>
</kw>
<status status="PASS" starttime="20220613 16:01:29.876" endtime="20220613 16:01:30.018"/>
</kw>
<status status="PASS" starttime="20220613 16:01:29.683" endtime="20220613 16:01:30.018"/>
</kw>
<status status="PASS" starttime="20220613 16:01:29.647" endtime="20220613 16:01:30.018"/>
</kw>
<kw name="WHEN I choose the Fleece Jacket to buy" library="steps_definition" sourcename="I choose the ${product} to buy">
<kw name="Check Point Home Page" library="home_page">
<kw name="Validate Text" library="general_keywords">
<arg>${title_page}</arg>
<arg>PRODUCTS</arg>
<kw name="Wait For Elements State" library="Browser">
<arg>${title_page}</arg>
<arg>visible</arg>
<arg>timeout=${DEFAULT_TIMEOUT}</arg>
<arg>message=This is not correct page</arg>
<tag>PageContent</tag>
<tag>Wait</tag>
<doc>Waits for the element found by ``selector`` to satisfy state option.</doc>
<msg timestamp="20220613 16:01:30.031" level="INFO">Waited for Element with selector css=.title at state visible</msg>
<status status="PASS" starttime="20220613 16:01:30.021" endtime="20220613 16:01:30.031"/>
</kw>
<kw name="Get Text" library="Browser">
<arg>${title_page}</arg>
<arg>==</arg>
<arg>${text}</arg>
<tag>Assertion</tag>
<tag>Getter</tag>
<tag>PageContent</tag>
<doc>Returns text attribute of the element found by ``selector``.</doc>
<msg timestamp="20220613 16:01:30.056" level="DEBUG">Text received successfully.</msg>
<msg timestamp="20220613 16:01:30.056" level="DEBUG">Assertion polling statistics:
First element asserted in: 0.02270793914794922 seconds
Total tries: 1
Elapsed time in retries 0.0 seconds</msg>
<status status="PASS" starttime="20220613 16:01:30.032" endtime="20220613 16:01:30.056"/>
</kw>
<status status="PASS" starttime="20220613 16:01:30.020" endtime="20220613 16:01:30.057"/>
</kw>
<status status="PASS" starttime="20220613 16:01:30.019" endtime="20220613 16:01:30.057"/>
</kw>
<kw name="Select Product" library="home_page">
<arg>${product}</arg>
<kw name="Click On Element" library="general_keywords">
<arg>xpath=//a/div[contains(., '${product}')]</arg>
<kw name="Wait For Elements State" library="Browser">
<arg>${element}</arg>
<arg>visible</arg>
<arg>${timeout}</arg>
<tag>PageContent</tag>
<tag>Wait</tag>
<doc>Waits for the element found by ``selector`` to satisfy state option.</doc>
<msg timestamp="20220613 16:01:30.069" level="INFO">Waited for Element with selector xpath=//a/div[contains(., 'Fleece Jacket')] at state visible</msg>
<status status="PASS" starttime="20220613 16:01:30.059" endtime="20220613 16:01:30.069"/>
</kw>
<kw name="Wait For Elements State" library="Browser">
<arg>${element}</arg>
<arg>enabled</arg>
<arg>${timeout}</arg>
<tag>PageContent</tag>
<tag>Wait</tag>
<doc>Waits for the element found by ``selector`` to satisfy state option.</doc>
<msg timestamp="20220613 16:01:30.088" level="INFO">Waited for Element with selector xpath=//a/div[contains(., 'Fleece Jacket')] at state enabled</msg>
<status status="PASS" starttime="20220613 16:01:30.070" endtime="20220613 16:01:30.089"/>
</kw>
<kw name="Click" library="Browser">
<arg>${element}</arg>
<tag>PageContent</tag>
<tag>Setter</tag>
<doc>Simulates mouse click on the element found by ``selector``.</doc>
<msg timestamp="20220613 16:01:30.091" level="DEBUG">Click options are: {"button": "left", "clickCount": 1, "force": false, "noWaitAfter": false}</msg>
<msg timestamp="20220613 16:01:30.212" level="DEBUG">Clicked element: 'xpath=//a/div[contains(., 'Fleece Jacket')]' with options: '{"button": "left", "clickCount": 1, "force": false, "noWaitAfter": false}'</msg>
<status status="PASS" starttime="20220613 16:01:30.090" endtime="20220613 16:01:30.212"/>
</kw>
<status status="PASS" starttime="20220613 16:01:30.058" endtime="20220613 16:01:30.213"/>
</kw>
<status status="PASS" starttime="20220613 16:01:30.058" endtime="20220613 16:01:30.213"/>
</kw>
<status status="PASS" starttime="20220613 16:01:30.019" endtime="20220613 16:01:30.214"/>
</kw>
<kw name="AND Add it to the cart" library="steps_definition">
<kw name="Check Point Product Page" library="product_page">
<kw name="Wait For Elements State" library="Browser">
<arg>${back_products}</arg>
<arg>visible</arg>
<arg>timeout=${DEFAULT_TIMEOUT}</arg>
<arg>message=This is not the product page</arg>
<tag>PageContent</tag>
<tag>Wait</tag>
<doc>Waits for the element found by ``selector`` to satisfy state option.</doc>
<msg timestamp="20220613 16:01:30.233" level="INFO">Waited for Element with selector css=#back-to-products at state visible</msg>
<status status="PASS" starttime="20220613 16:01:30.215" endtime="20220613 16:01:30.233"/>
</kw>
<status status="PASS" starttime="20220613 16:01:30.215" endtime="20220613 16:01:30.235"/>
</kw>
<kw name="Add Product To Cart" library="product_page">
<kw name="Click On Element" library="general_keywords">
<arg>${add_cart_btn}</arg>
<kw name="Wait For Elements State" library="Browser">
<arg>${element}</arg>
<arg>visible</arg>
<arg>${timeout}</arg>
<tag>PageContent</tag>
<tag>Wait</tag>
<doc>Waits for the element found by ``selector`` to satisfy state option.</doc>
<msg timestamp="20220613 16:01:30.247" level="INFO">Waited for Element with selector css=.btn_primary at state visible</msg>
<status status="PASS" starttime="20220613 16:01:30.237" endtime="20220613 16:01:30.247"/>
</kw>
<kw name="Wait For Elements State" library="Browser">
<arg>${element}</arg>
<arg>enabled</arg>
<arg>${timeout}</arg>
<tag>PageContent</tag>
<tag>Wait</tag>
<doc>Waits for the element found by ``selector`` to satisfy state option.</doc>
<msg timestamp="20220613 16:01:30.277" level="INFO">Waited for Element with selector css=.btn_primary at state enabled</msg>
<status status="PASS" starttime="20220613 16:01:30.248" endtime="20220613 16:01:30.277"/>
</kw>
<kw name="Click" library="Browser">
<arg>${element}</arg>
<tag>PageContent</tag>
<tag>Setter</tag>
<doc>Simulates mouse click on the element found by ``selector``.</doc>
<msg timestamp="20220613 16:01:30.279" level="DEBUG">Click options are: {"button": "left", "clickCount": 1, "force": false, "noWaitAfter": false}</msg>
<msg timestamp="20220613 16:01:30.337" level="DEBUG">Clicked element: 'css=.btn_primary' with options: '{"button": "left", "clickCount": 1, "force": false, "noWaitAfter": false}'</msg>
<status status="PASS" starttime="20220613 16:01:30.278" endtime="20220613 16:01:30.338"/>
</kw>
<status status="PASS" starttime="20220613 16:01:30.236" endtime="20220613 16:01:30.339"/>
</kw>
<kw name="Wait For Elements State" library="Browser">
<arg>${remove_cart_btn}</arg>
<arg>visible</arg>
<arg>${DEFAULT_TIMEOUT}</arg>
<tag>PageContent</tag>
<tag>Wait</tag>
<doc>Waits for the element found by ``selector`` to satisfy state option.</doc>
<msg timestamp="20220613 16:01:30.347" level="INFO">Waited for Element with selector css=.btn_small at state visible</msg>
<status status="PASS" starttime="20220613 16:01:30.339" endtime="20220613 16:01:30.348"/>
</kw>
<status status="PASS" starttime="20220613 16:01:30.235" endtime="20220613 16:01:30.349"/>
</kw>
<kw name="Access Cart" library="product_page">
<kw name="Click On Element" library="general_keywords">
<arg>${cart}</arg>
<kw name="Wait For Elements State" library="Browser">
<arg>${element}</arg>
<arg>visible</arg>
<arg>${timeout}</arg>
<tag>PageContent</tag>
<tag>Wait</tag>
<doc>Waits for the element found by ``selector`` to satisfy state option.</doc>
<msg timestamp="20220613 16:01:30.360" level="INFO">Waited for Element with selector css=#shopping_cart_container at state visible</msg>
<status status="PASS" starttime="20220613 16:01:30.350" endtime="20220613 16:01:30.361"/>
</kw>
<kw name="Wait For Elements State" library="Browser">
<arg>${element}</arg>
<arg>enabled</arg>
<arg>${timeout}</arg>
<tag>PageContent</tag>
<tag>Wait</tag>
<doc>Waits for the element found by ``selector`` to satisfy state option.</doc>
<msg timestamp="20220613 16:01:30.378" level="INFO">Waited for Element with selector css=#shopping_cart_container at state enabled</msg>
<status status="PASS" starttime="20220613 16:01:30.362" endtime="20220613 16:01:30.379"/>
</kw>
<kw name="Click" library="Browser">
<arg>${element}</arg>
<tag>PageContent</tag>
<tag>Setter</tag>
<doc>Simulates mouse click on the element found by ``selector``.</doc>
<msg timestamp="20220613 16:01:30.381" level="DEBUG">Click options are: {"button": "left", "clickCount": 1, "force": false, "noWaitAfter": false}</msg>
<msg timestamp="20220613 16:01:30.422" level="DEBUG">Clicked element: 'css=#shopping_cart_container' with options: '{"button": "left", "clickCount": 1, "force": false, "noWaitAfter": false}'</msg>
<status status="PASS" starttime="20220613 16:01:30.380" endtime="20220613 16:01:30.423"/>
</kw>
<status status="PASS" starttime="20220613 16:01:30.350" endtime="20220613 16:01:30.425"/>
</kw>
<status status="PASS" starttime="20220613 16:01:30.349" endtime="20220613 16:01:30.426"/>
</kw>
<kw name="Check Point Cart Page" library="cart_page">
<kw name="Validate Text" library="general_keywords">
<arg>${title_page}</arg>
<arg>YOUR CART</arg>
<kw name="Wait For Elements State" library="Browser">
<arg>${title_page}</arg>
<arg>visible</arg>
<arg>timeout=${DEFAULT_TIMEOUT}</arg>
<arg>message=This is not correct page</arg>
<tag>PageContent</tag>
<tag>Wait</tag>
<doc>Waits for the element found by ``selector`` to satisfy state option.</doc>
<msg timestamp="20220613 16:01:30.443" level="INFO">Waited for Element with selector css=.title at state visible</msg>
<status status="PASS" starttime="20220613 16:01:30.428" endtime="20220613 16:01:30.443"/>
</kw>
<kw name="Get Text" library="Browser">
<arg>${title_page}</arg>
<arg>==</arg>
<arg>${text}</arg>
<tag>Assertion</tag>
<tag>Getter</tag>
<tag>PageContent</tag>
<doc>Returns text attribute of the element found by ``selector``.</doc>
<msg timestamp="20220613 16:01:30.480" level="DEBUG">Text received successfully.</msg>
<msg timestamp="20220613 16:01:30.481" level="DEBUG">Assertion polling statistics:
First element asserted in: 0.03542017936706543 seconds
Total tries: 1
Elapsed time in retries 0.0 seconds</msg>
<status status="PASS" starttime="20220613 16:01:30.444" endtime="20220613 16:01:30.481"/>
</kw>
<status status="PASS" starttime="20220613 16:01:30.427" endtime="20220613 16:01:30.485"/>
</kw>
<status status="PASS" starttime="20220613 16:01:30.426" endtime="20220613 16:01:30.487"/>
</kw>
<kw name="Go To Checkout" library="cart_page">
<kw name="Wait For Elements State" library="Browser">
<arg>${remove_cart_btn}</arg>
<arg>visible</arg>
<arg>${DEFAULT_TIMEOUT}</arg>
<tag>PageContent</tag>
<tag>Wait</tag>
<doc>Waits for the element found by ``selector`` to satisfy state option.</doc>
<msg timestamp="20220613 16:01:30.518" level="INFO">Waited for Element with selector css=.btn_small at state visible</msg>
<status status="PASS" starttime="20220613 16:01:30.489" endtime="20220613 16:01:30.519"/>
</kw>
<kw name="Click On Element" library="general_keywords">
<arg>${checkout_btn}</arg>
<kw name="Wait For Elements State" library="Browser">
<arg>${element}</arg>
<arg>visible</arg>
<arg>${timeout}</arg>
<tag>PageContent</tag>
<tag>Wait</tag>
<doc>Waits for the element found by ``selector`` to satisfy state option.</doc>
<msg timestamp="20220613 16:01:30.529" level="INFO">Waited for Element with selector css=.checkout_button at state visible</msg>
<status status="PASS" starttime="20220613 16:01:30.520" endtime="20220613 16:01:30.529"/>
</kw>
<kw name="Wait For Elements State" library="Browser">
<arg>${element}</arg>
<arg>enabled</arg>
<arg>${timeout}</arg>
<tag>PageContent</tag>
<tag>Wait</tag>
<doc>Waits for the element found by ``selector`` to satisfy state option.</doc>
<msg timestamp="20220613 16:01:30.548" level="INFO">Waited for Element with selector css=.checkout_button at state enabled</msg>
<status status="PASS" starttime="20220613 16:01:30.530" endtime="20220613 16:01:30.549"/>
</kw>
<kw name="Click" library="Browser">
<arg>${element}</arg>
<tag>PageContent</tag>
<tag>Setter</tag>
<doc>Simulates mouse click on the element found by ``selector``.</doc>
<msg timestamp="20220613 16:01:30.550" level="DEBUG">Click options are: {"button": "left", "clickCount": 1, "force": false, "noWaitAfter": false}</msg>
<msg timestamp="20220613 16:01:30.614" level="DEBUG">Clicked element: 'css=.checkout_button' with options: '{"button": "left", "clickCount": 1, "force": false, "noWaitAfter": false}'</msg>
<status status="PASS" starttime="20220613 16:01:30.550" endtime="20220613 16:01:30.614"/>
</kw>
<status status="PASS" starttime="20220613 16:01:30.520" endtime="20220613 16:01:30.616"/>
</kw>
<status status="PASS" starttime="20220613 16:01:30.488" endtime="20220613 16:01:30.616"/>
</kw>
<status status="PASS" starttime="20220613 16:01:30.214" endtime="20220613 16:01:30.617"/>
</kw>
<kw name="THEN I must complete the purchase successfully" library="steps_definition">
<kw name="Check Point Checkout Page" library="checkout_page">
<kw name="Validate Text" library="general_keywords">
<arg>${title_page}</arg>
<arg>CHECKOUT: YOUR INFORMATION</arg>
<kw name="Wait For Elements State" library="Browser">
<arg>${title_page}</arg>
<arg>visible</arg>
<arg>timeout=${DEFAULT_TIMEOUT}</arg>
<arg>message=This is not correct page</arg>
<tag>PageContent</tag>
<tag>Wait</tag>
<doc>Waits for the element found by ``selector`` to satisfy state option.</doc>
<msg timestamp="20220613 16:01:30.630" level="INFO">Waited for Element with selector css=.title at state visible</msg>
<status status="PASS" starttime="20220613 16:01:30.619" endtime="20220613 16:01:30.630"/>
</kw>
<kw name="Get Text" library="Browser">
<arg>${title_page}</arg>
<arg>==</arg>
<arg>${text}</arg>
<tag>Assertion</tag>
<tag>Getter</tag>
<tag>PageContent</tag>
<doc>Returns text attribute of the element found by ``selector``.</doc>
<msg timestamp="20220613 16:01:30.658" level="DEBUG">Text received successfully.</msg>
<msg timestamp="20220613 16:01:30.658" level="DEBUG">Assertion polling statistics:
First element asserted in: 0.02591991424560547 seconds
Total tries: 1
Elapsed time in retries 0.0 seconds</msg>
<status status="PASS" starttime="20220613 16:01:30.631" endtime="20220613 16:01:30.658"/>
</kw>
<status status="PASS" starttime="20220613 16:01:30.618" endtime="20220613 16:01:30.659"/>
</kw>
<status status="PASS" starttime="20220613 16:01:30.618" endtime="20220613 16:01:30.660"/>
</kw>
<kw name="Submit Info Checkout" library="checkout_page">
<kw name="First Name" library="FakerLibrary">
<var>${NAME_FIRST}</var>
<msg timestamp="20220613 16:01:30.662" level="INFO">${NAME_FIRST} = Enrico</msg>
<status status="PASS" starttime="20220613 16:01:30.661" endtime="20220613 16:01:30.662"/>
</kw>
<kw name="Last Name" library="FakerLibrary">
<var>${NAME_LAST}</var>
<msg timestamp="20220613 16:01:30.664" level="INFO">${NAME_LAST} = Moraes</msg>
<status status="PASS" starttime="20220613 16:01:30.663" endtime="20220613 16:01:30.664"/>
</kw>
<kw name="Postcode" library="FakerLibrary">
<var>${POSTAL_CODE}</var>
<doc>Randomly returns a postcode.
:param formatted: True to allow formatted postcodes, else False (default True)
:example formatted: '41224-212' '83992-291' '12324322'
:example raw: '43920231' '34239530'</doc>
<msg timestamp="20220613 16:01:30.665" level="INFO">${POSTAL_CODE} = 98060048</msg>
<status status="PASS" starttime="20220613 16:01:30.665" endtime="20220613 16:01:30.665"/>
</kw>
<kw name="Fill Input Text" library="general_keywords">
<arg>${first_name}</arg>
<arg>${NAME_FIRST}</arg>
<kw name="Wait For Elements State" library="Browser">
<arg>${element}</arg>
<arg>visible</arg>
<arg>${timeout}</arg>
<tag>PageContent</tag>
<tag>Wait</tag>
<doc>Waits for the element found by ``selector`` to satisfy state option.</doc>
<msg timestamp="20220613 16:01:30.676" level="INFO">Waited for Element with selector id=first-name at state visible</msg>
<status status="PASS" starttime="20220613 16:01:30.667" endtime="20220613 16:01:30.676"/>
</kw>
<kw name="Wait For Elements State" library="Browser">
<arg>${element}</arg>
<arg>enabled</arg>
<arg>${timeout}</arg>
<tag>PageContent</tag>
<tag>Wait</tag>
<doc>Waits for the element found by ``selector`` to satisfy state option.</doc>
<msg timestamp="20220613 16:01:30.693" level="INFO">Waited for Element with selector id=first-name at state enabled</msg>
<status status="PASS" starttime="20220613 16:01:30.677" endtime="20220613 16:01:30.693"/>
</kw>
<kw name="Fill Text" library="Browser">
<arg>${element}</arg>
<arg>${text}</arg>
<tag>PageContent</tag>
<tag>Setter</tag>
<doc>Clears and fills the given ``txt`` into the text field found by ``selector``.</doc>
<msg timestamp="20220613 16:01:30.695" level="INFO">Fills the text 'Enrico' in the given field.</msg>
<msg timestamp="20220613 16:01:30.714" level="DEBUG">Fill text Enrico on id=first-name</msg>
<status status="PASS" starttime="20220613 16:01:30.694" endtime="20220613 16:01:30.714"/>
</kw>
<status status="PASS" starttime="20220613 16:01:30.666" endtime="20220613 16:01:30.716"/>
</kw>
<kw name="Fill Input Text" library="general_keywords">
<arg>${last_name}</arg>
<arg>${NAME_LAST}</arg>
<kw name="Wait For Elements State" library="Browser">
<arg>${element}</arg>
<arg>visible</arg>
<arg>${timeout}</arg>
<tag>PageContent</tag>
<tag>Wait</tag>
<doc>Waits for the element found by ``selector`` to satisfy state option.</doc>
<msg timestamp="20220613 16:01:30.724" level="INFO">Waited for Element with selector id=last-name at state visible</msg>
<status status="PASS" starttime="20220613 16:01:30.717" endtime="20220613 16:01:30.724"/>
</kw>
<kw name="Wait For Elements State" library="Browser">
<arg>${element}</arg>
<arg>enabled</arg>
<arg>${timeout}</arg>
<tag>PageContent</tag>
<tag>Wait</tag>
<doc>Waits for the element found by ``selector`` to satisfy state option.</doc>
<msg timestamp="20220613 16:01:30.741" level="INFO">Waited for Element with selector id=last-name at state enabled</msg>
<status status="PASS" starttime="20220613 16:01:30.725" endtime="20220613 16:01:30.742"/>
</kw>
<kw name="Fill Text" library="Browser">
<arg>${element}</arg>
<arg>${text}</arg>
<tag>PageContent</tag>
<tag>Setter</tag>
<doc>Clears and fills the given ``txt`` into the text field found by ``selector``.</doc>
<msg timestamp="20220613 16:01:30.744" level="INFO">Fills the text 'Moraes' in the given field.</msg>
<msg timestamp="20220613 16:01:30.763" level="DEBUG">Fill text Moraes on id=last-name</msg>
<status status="PASS" starttime="20220613 16:01:30.743" endtime="20220613 16:01:30.763"/>
</kw>
<status status="PASS" starttime="20220613 16:01:30.716" endtime="20220613 16:01:30.764"/>
</kw>
<kw name="Fill Input Text" library="general_keywords">
<arg>${zip_code}</arg>
<arg>${POSTAL_CODE}</arg>
<kw name="Wait For Elements State" library="Browser">
<arg>${element}</arg>
<arg>visible</arg>
<arg>${timeout}</arg>
<tag>PageContent</tag>
<tag>Wait</tag>
<doc>Waits for the element found by ``selector`` to satisfy state option.</doc>
<msg timestamp="20220613 16:01:30.774" level="INFO">Waited for Element with selector id=postal-code at state visible</msg>
<status status="PASS" starttime="20220613 16:01:30.766" endtime="20220613 16:01:30.774"/>
</kw>
<kw name="Wait For Elements State" library="Browser">
<arg>${element}</arg>
<arg>enabled</arg>
<arg>${timeout}</arg>
<tag>PageContent</tag>
<tag>Wait</tag>
<doc>Waits for the element found by ``selector`` to satisfy state option.</doc>
<msg timestamp="20220613 16:01:30.793" level="INFO">Waited for Element with selector id=postal-code at state enabled</msg>
<status status="PASS" starttime="20220613 16:01:30.775" endtime="20220613 16:01:30.793"/>
</kw>
<kw name="Fill Text" library="Browser">
<arg>${element}</arg>
<arg>${text}</arg>
<tag>PageContent</tag>
<tag>Setter</tag>
<doc>Clears and fills the given ``txt`` into the text field found by ``selector``.</doc>
<msg timestamp="20220613 16:01:30.796" level="INFO">Fills the text '98060048' in the given field.</msg>
<msg timestamp="20220613 16:01:30.817" level="DEBUG">Fill text 98060048 on id=postal-code</msg>
<status status="PASS" starttime="20220613 16:01:30.795" endtime="20220613 16:01:30.817"/>
</kw>
<status status="PASS" starttime="20220613 16:01:30.765" endtime="20220613 16:01:30.818"/>
</kw>
<kw name="Click On Element" library="general_keywords">
<arg>${btn_continue}</arg>
<kw name="Wait For Elements State" library="Browser">
<arg>${element}</arg>
<arg>visible</arg>
<arg>${timeout}</arg>
<tag>PageContent</tag>
<tag>Wait</tag>
<doc>Waits for the element found by ``selector`` to satisfy state option.</doc>
<msg timestamp="20220613 16:01:30.827" level="INFO">Waited for Element with selector id=continue at state visible</msg>
<status status="PASS" starttime="20220613 16:01:30.819" endtime="20220613 16:01:30.827"/>
</kw>
<kw name="Wait For Elements State" library="Browser">
<arg>${element}</arg>
<arg>enabled</arg>
<arg>${timeout}</arg>
<tag>PageContent</tag>
<tag>Wait</tag>
<doc>Waits for the element found by ``selector`` to satisfy state option.</doc>
<msg timestamp="20220613 16:01:30.849" level="INFO">Waited for Element with selector id=continue at state enabled</msg>
<status status="PASS" starttime="20220613 16:01:30.829" endtime="20220613 16:01:30.849"/>
</kw>
<kw name="Click" library="Browser">
<arg>${element}</arg>
<tag>PageContent</tag>
<tag>Setter</tag>
<doc>Simulates mouse click on the element found by ``selector``.</doc>
<msg timestamp="20220613 16:01:30.850" level="DEBUG">Click options are: {"button": "left", "clickCount": 1, "force": false, "noWaitAfter": false}</msg>
<msg timestamp="20220613 16:01:30.901" level="DEBUG">Clicked element: 'id=continue' with options: '{"button": "left", "clickCount": 1, "force": false, "noWaitAfter": false}'</msg>
<status status="PASS" starttime="20220613 16:01:30.850" endtime="20220613 16:01:30.901"/>
</kw>
<status status="PASS" starttime="20220613 16:01:30.819" endtime="20220613 16:01:30.903"/>
</kw>
<status status="PASS" starttime="20220613 16:01:30.660" endtime="20220613 16:01:30.903"/>
</kw>
<kw name="Finalize Checkout" library="checkout_page">
<kw name="Validate Text" library="general_keywords">
<arg>${title_page}</arg>
<arg>CHECKOUT: OVERVIEW</arg>
<kw name="Wait For Elements State" library="Browser">
<arg>${title_page}</arg>
<arg>visible</arg>
<arg>timeout=${DEFAULT_TIMEOUT}</arg>
<arg>message=This is not correct page</arg>
<tag>PageContent</tag>
<tag>Wait</tag>
<doc>Waits for the element found by ``selector`` to satisfy state option.</doc>
<msg timestamp="20220613 16:01:30.915" level="INFO">Waited for Element with selector css=.title at state visible</msg>
<status status="PASS" starttime="20220613 16:01:30.905" endtime="20220613 16:01:30.916"/>
</kw>
<kw name="Get Text" library="Browser">
<arg>${title_page}</arg>
<arg>==</arg>
<arg>${text}</arg>
<tag>Assertion</tag>
<tag>Getter</tag>
<tag>PageContent</tag>
<doc>Returns text attribute of the element found by ``selector``.</doc>
<msg timestamp="20220613 16:01:30.931" level="DEBUG">Text received successfully.</msg>
<msg timestamp="20220613 16:01:30.931" level="DEBUG">Assertion polling statistics:
First element asserted in: 0.014084100723266602 seconds
Total tries: 1
Elapsed time in retries 0.0 seconds</msg>
<status status="PASS" starttime="20220613 16:01:30.917" endtime="20220613 16:01:30.931"/>
</kw>
<status status="PASS" starttime="20220613 16:01:30.904" endtime="20220613 16:01:30.932"/>
</kw>
<kw name="Click On Element" library="general_keywords">
<arg>${btn_finish}</arg>
<kw name="Wait For Elements State" library="Browser">
<arg>${element}</arg>
<arg>visible</arg>
<arg>${timeout}</arg>
<tag>PageContent</tag>
<tag>Wait</tag>
<doc>Waits for the element found by ``selector`` to satisfy state option.</doc>
<msg timestamp="20220613 16:01:30.942" level="INFO">Waited for Element with selector id=finish at state visible</msg>
<status status="PASS" starttime="20220613 16:01:30.933" endtime="20220613 16:01:30.942"/>
</kw>
<kw name="Wait For Elements State" library="Browser">
<arg>${element}</arg>
<arg>enabled</arg>
<arg>${timeout}</arg>
<tag>PageContent</tag>
<tag>Wait</tag>
<doc>Waits for the element found by ``selector`` to satisfy state option.</doc>
<msg timestamp="20220613 16:01:30.960" level="INFO">Waited for Element with selector id=finish at state enabled</msg>
<status status="PASS" starttime="20220613 16:01:30.943" endtime="20220613 16:01:30.961"/>
</kw>
<kw name="Click" library="Browser">
<arg>${element}</arg>
<tag>PageContent</tag>
<tag>Setter</tag>
<doc>Simulates mouse click on the element found by ``selector``.</doc>
<msg timestamp="20220613 16:01:30.962" level="DEBUG">Click options are: {"button": "left", "clickCount": 1, "force": false, "noWaitAfter": false}</msg>
<msg timestamp="20220613 16:01:31.009" level="DEBUG">Clicked element: 'id=finish' with options: '{"button": "left", "clickCount": 1, "force": false, "noWaitAfter": false}'</msg>
<status status="PASS" starttime="20220613 16:01:30.962" endtime="20220613 16:01:31.009"/>
</kw>
<status status="PASS" starttime="20220613 16:01:30.933" endtime="20220613 16:01:31.010"/>
</kw>
<kw name="Validate Text" library="general_keywords">
<arg>${title_page}</arg>
<arg>CHECKOUT: COMPLETE!</arg>
<kw name="Wait For Elements State" library="Browser">
<arg>${title_page}</arg>
<arg>visible</arg>
<arg>timeout=${DEFAULT_TIMEOUT}</arg>
<arg>message=This is not correct page</arg>
<tag>PageContent</tag>
<tag>Wait</tag>
<doc>Waits for the element found by ``selector`` to satisfy state option.</doc>
<msg timestamp="20220613 16:01:31.020" level="INFO">Waited for Element with selector css=.title at state visible</msg>
<status status="PASS" starttime="20220613 16:01:31.012" endtime="20220613 16:01:31.021"/>
</kw>
<kw name="Get Text" library="Browser">
<arg>${title_page}</arg>
<arg>==</arg>
<arg>${text}</arg>
<tag>Assertion</tag>
<tag>Getter</tag>
<tag>PageContent</tag>
<doc>Returns text attribute of the element found by ``selector``.</doc>
<msg timestamp="20220613 16:01:31.040" level="DEBUG">Text received successfully.</msg>
<msg timestamp="20220613 16:01:31.040" level="DEBUG">Assertion polling statistics:
First element asserted in: 0.01820087432861328 seconds
Total tries: 1
Elapsed time in retries 0.0 seconds</msg>
<status status="PASS" starttime="20220613 16:01:31.022" endtime="20220613 16:01:31.040"/>
</kw>
<status status="PASS" starttime="20220613 16:01:31.011" endtime="20220613 16:01:31.042"/>
</kw>
<status status="PASS" starttime="20220613 16:01:30.904" endtime="20220613 16:01:31.042"/>
</kw>
<kw name="Logout Soucedemo E-Commerce" library="home_page">
<kw name="Click On Element" library="general_keywords">
<arg>${bmenu_btn}</arg>
<kw name="Wait For Elements State" library="Browser">
<arg>${element}</arg>
<arg>visible</arg>
<arg>${timeout}</arg>
<tag>PageContent</tag>
<tag>Wait</tag>
<doc>Waits for the element found by ``selector`` to satisfy state option.</doc>
<msg timestamp="20220613 16:01:31.053" level="INFO">Waited for Element with selector id=react-burger-menu-btn at state visible</msg>
<status status="PASS" starttime="20220613 16:01:31.044" endtime="20220613 16:01:31.053"/>
</kw>
<kw name="Wait For Elements State" library="Browser">
<arg>${element}</arg>
<arg>enabled</arg>
<arg>${timeout}</arg>
<tag>PageContent</tag>
<tag>Wait</tag>
<doc>Waits for the element found by ``selector`` to satisfy state option.</doc>
<msg timestamp="20220613 16:01:31.071" level="INFO">Waited for Element with selector id=react-burger-menu-btn at state enabled</msg>
<status status="PASS" starttime="20220613 16:01:31.054" endtime="20220613 16:01:31.071"/>
</kw>
<kw name="Click" library="Browser">
<arg>${element}</arg>
<tag>PageContent</tag>
<tag>Setter</tag>
<doc>Simulates mouse click on the element found by ``selector``.</doc>
<msg timestamp="20220613 16:01:31.072" level="DEBUG">Click options are: {"button": "left", "clickCount": 1, "force": false, "noWaitAfter": false}</msg>
<msg timestamp="20220613 16:01:31.113" level="DEBUG">Clicked element: 'id=react-burger-menu-btn' with options: '{"button": "left", "clickCount": 1, "force": false, "noWaitAfter": false}'</msg>
<status status="PASS" starttime="20220613 16:01:31.072" endtime="20220613 16:01:31.113"/>
</kw>
<status status="PASS" starttime="20220613 16:01:31.043" endtime="20220613 16:01:31.114"/>
</kw>
<kw name="Click On Element" library="general_keywords">
<arg>${logout_link}</arg>
<kw name="Wait For Elements State" library="Browser">
<arg>${element}</arg>
<arg>visible</arg>
<arg>${timeout}</arg>
<tag>PageContent</tag>
<tag>Wait</tag>
<doc>Waits for the element found by ``selector`` to satisfy state option.</doc>
<msg timestamp="20220613 16:01:31.124" level="INFO">Waited for Element with selector id=logout_sidebar_link at state visible</msg>
<status status="PASS" starttime="20220613 16:01:31.116" endtime="20220613 16:01:31.124"/>
</kw>
<kw name="Wait For Elements State" library="Browser">
<arg>${element}</arg>
<arg>enabled</arg>
<arg>${timeout}</arg>
<tag>PageContent</tag>
<tag>Wait</tag>
<doc>Waits for the element found by ``selector`` to satisfy state option.</doc>
<msg timestamp="20220613 16:01:31.141" level="INFO">Waited for Element with selector id=logout_sidebar_link at state enabled</msg>
<status status="PASS" starttime="20220613 16:01:31.125" endtime="20220613 16:01:31.142"/>
</kw>
<kw name="Click" library="Browser">
<arg>${element}</arg>
<tag>PageContent</tag>
<tag>Setter</tag>
<doc>Simulates mouse click on the element found by ``selector``.</doc>
<msg timestamp="20220613 16:01:31.144" level="DEBUG">Click options are: {"button": "left", "clickCount": 1, "force": false, "noWaitAfter": false}</msg>
<msg timestamp="20220613 16:01:31.663" level="DEBUG">Clicked element: 'id=logout_sidebar_link' with options: '{"button": "left", "clickCount": 1, "force": false, "noWaitAfter": false}'</msg>
<status status="PASS" starttime="20220613 16:01:31.143" endtime="20220613 16:01:31.664"/>
</kw>
<status status="PASS" starttime="20220613 16:01:31.115" endtime="20220613 16:01:31.665"/>
</kw>
<status status="PASS" starttime="20220613 16:01:31.043" endtime="20220613 16:01:31.666"/>
</kw>
<kw name="Check Point Login Page" library="login_page">
<kw name="Wait For Elements State" library="Browser">
<arg>${login_button}</arg>
<arg>visible</arg>
<arg>timeout=${DEFAULT_TIMEOUT}</arg>
<arg>message=This is not the login page</arg>
<tag>PageContent</tag>
<tag>Wait</tag>
<doc>Waits for the element found by ``selector`` to satisfy state option.</doc>
<msg timestamp="20220613 16:01:31.676" level="INFO">Waited for Element with selector id=login-button at state visible</msg>
<status status="PASS" starttime="20220613 16:01:31.667" endtime="20220613 16:01:31.676"/>
</kw>
<status status="PASS" starttime="20220613 16:01:31.667" endtime="20220613 16:01:31.677"/>
</kw>
<status status="PASS" starttime="20220613 16:01:30.617" endtime="20220613 16:01:31.677"/>
</kw>
<kw name="Close Session" library="base_web" type="TEARDOWN">
<kw name="Close Browser" library="Browser">
<tag>BrowserControl</tag>
<tag>Setter</tag>
<doc>Closes the current browser.</doc>
<msg timestamp="20220613 16:01:31.947" level="INFO">Closed browser</msg>
<status status="PASS" starttime="20220613 16:01:31.679" endtime="20220613 16:01:31.947"/>
</kw>
<status status="PASS" starttime="20220613 16:01:31.678" endtime="20220613 16:01:31.949"/>
</kw>
<status status="PASS" starttime="20220613 16:01:27.095" endtime="20220613 16:01:31.949"/>
</test>
<status status="PASS" starttime="20220613 16:01:25.884" endtime="20220613 16:01:31.959"/>
</suite>
<status status="PASS" starttime="20220613 16:01:25.866" endtime="20220613 16:01:31.978"/>
</suite>
<statistics>
<total>
<stat pass="1" fail="0" skip="0">All Tests</stat>
</total>
<tag>
</tag>
<suite>
<stat pass="1" fail="0" skip="0" id="s1" name="Tests">Tests</stat>
<stat pass="1" fail="0" skip="0" id="s1-s1" name="Purchase Test">Tests.Purchase Test</stat>
</suite>
</statistics>
<errors>
</errors>
</robot>
